2023-12-12T04:41:39+00:00 CRITICAL require_once(): Failed opening required '../wp-load.php' (include_path='.:/usr/share/php') in /home/testsftp/hype/wp-content/themes/hyperlabs/search.php on line 46

2023-12-12T04:41:43+00:00 CRITICAL require_once(): Failed opening required '../wp-load.php' (include_path='.:/usr/share/php') in /home/testsftp/hype/wp-content/themes/hyperlabs/search.php on line 46

2023-12-12T04:41:44+00:00 CRITICAL require_once(): Failed opening required '../wp-load.php' (include_path='.:/usr/share/php') in /home/testsftp/hype/wp-content/themes/hyperlabs/search.php on line 46

2023-12-12T05:25:26+00:00 CRITICAL syntax error, unexpected '<', expecting end of file in /home/testsftp/hype/wp-content/themes/hyperlabs/template-parts/site-header.php on line 177

2023-12-12T05:25:32+00:00 CRITICAL syntax error, unexpected '<', expecting end of file in /home/testsftp/hype/wp-content/themes/hyperlabs/template-parts/site-header.php on line 177

2023-12-12T05:25:54+00:00 CRITICAL syntax error, unexpected '<', expecting end of file in /home/testsftp/hype/wp-content/themes/hyperlabs/template-parts/site-header.php on line 177

2023-12-12T07:15:48+00:00 CRITICAL Uncaught RuntimeException: Error saving action: Table 'hype.wp_actionscheduler_actions' doesn't exist in /home/testsftp/hype/wp-content/plugins/woocommerce/packages/action-scheduler/classes/data-stores/ActionScheduler_DBStore.php:126
Stack trace:
#0 /home/testsftp/hype/wp-content/plugins/woocommerce/packages/action-scheduler/classes/data-stores/ActionScheduler_DBStore.php(69): ActionScheduler_DBStore->save_action_to_db()
#1 /home/testsftp/hype/wp-content/plugins/woocommerce/packages/action-scheduler/classes/ActionScheduler_ActionFactory.php(327): ActionScheduler_DBStore->save_action()
#2 /home/testsftp/hype/wp-content/plugins/woocommerce/packages/action-scheduler/classes/ActionScheduler_ActionFactory.php(315): ActionScheduler_ActionFactory->store()
#3 /home/testsftp/hype/wp-content/plugins/woocommerce/packages/action-scheduler/functions.php(175): ActionScheduler_ActionFactory->create()
#4 /home/testsftp/hype/wp-content/plugins/woocommerce/packages/woocommerce-blocks/src/Domain/Services/DraftOrders.php(65): as in /home/testsftp/hype/wp-content/plugins/woocommerce/packages/action-scheduler/classes/data-stores/ActionScheduler_DBStore.php on line 126

2023-12-12T08:02:56+00:00 CRITICAL Uncaught Error: Call to undefined function get_minimum_product_price() in /home/testsftp/hype/wp-content/themes/hyperlabs/inc/custom_woo.php:142
Stack trace:
#0 /home/testsftp/hype/wp-includes/class-wp-hook.php(324): woocommerce_custom_filter_and_deafult_filter_wrapper_start()
#1 /home/testsftp/hype/wp-includes/class-wp-hook.php(348): WP_Hook->apply_filters()
#2 /home/testsftp/hype/wp-includes/plugin.php(517): WP_Hook->do_action()
#3 /home/testsftp/hype/wp-content/themes/hyperlabs/woocommerce/archive-product.php(60): do_action()
#4 /home/testsftp/hype/wp-includes/template-loader.php(106): include('/home/testsftp/...')
#5 /home/testsftp/hype/wp-blog-header.php(19): require_once('/home/testsftp/...')
#6 /home/testsftp/hype/index.php(17): require('/home/testsftp/...')
#7 {main}
  thrown in /home/testsftp/hype/wp-content/themes/hyperlabs/inc/custom_woo.php on line 142

2023-12-12T08:07:29+00:00 CRITICAL Uncaught Error: Call to undefined function get_minimum_product_price() in /home/testsftp/hype/wp-content/themes/hyperlabs/inc/custom_woo.php:142
Stack trace:
#0 /home/testsftp/hype/wp-includes/class-wp-hook.php(324): woocommerce_custom_filter_and_deafult_filter_wrapper_start()
#1 /home/testsftp/hype/wp-includes/class-wp-hook.php(348): WP_Hook->apply_filters()
#2 /home/testsftp/hype/wp-includes/plugin.php(517): WP_Hook->do_action()
#3 /home/testsftp/hype/wp-content/themes/hyperlabs/woocommerce/archive-product.php(60): do_action()
#4 /home/testsftp/hype/wp-includes/template-loader.php(106): include('/home/testsftp/...')
#5 /home/testsftp/hype/wp-blog-header.php(19): require_once('/home/testsftp/...')
#6 /home/testsftp/hype/index.php(17): require('/home/testsftp/...')
#7 {main}
  thrown in /home/testsftp/hype/wp-content/themes/hyperlabs/inc/custom_woo.php on line 142

2023-12-12T08:07:34+00:00 CRITICAL Uncaught Error: Call to undefined function get_minimum_product_price() in /home/testsftp/hype/wp-content/themes/hyperlabs/inc/custom_woo.php:142
Stack trace:
#0 /home/testsftp/hype/wp-includes/class-wp-hook.php(324): woocommerce_custom_filter_and_deafult_filter_wrapper_start()
#1 /home/testsftp/hype/wp-includes/class-wp-hook.php(348): WP_Hook->apply_filters()
#2 /home/testsftp/hype/wp-includes/plugin.php(517): WP_Hook->do_action()
#3 /home/testsftp/hype/wp-content/themes/hyperlabs/woocommerce/archive-product.php(60): do_action()
#4 /home/testsftp/hype/wp-includes/template-loader.php(106): include('/home/testsftp/...')
#5 /home/testsftp/hype/wp-blog-header.php(19): require_once('/home/testsftp/...')
#6 /home/testsftp/hype/index.php(17): require('/home/testsftp/...')
#7 {main}
  thrown in /home/testsftp/hype/wp-content/themes/hyperlabs/inc/custom_woo.php on line 142

2023-12-12T09:52:14+00:00 CRITICAL Uncaught Error: Call to undefined function get_minimum_product_price() in /home/testsftp/hype/wp-content/themes/hyperlabs/inc/custom_woo.php:142
Stack trace:
#0 /home/testsftp/hype/wp-includes/class-wp-hook.php(324): woocommerce_custom_filter_and_deafult_filter_wrapper_start()
#1 /home/testsftp/hype/wp-includes/class-wp-hook.php(348): WP_Hook->apply_filters()
#2 /home/testsftp/hype/wp-includes/plugin.php(517): WP_Hook->do_action()
#3 /home/testsftp/hype/wp-content/themes/hyperlabs/woocommerce/archive-product.php(60): do_action()
#4 /home/testsftp/hype/wp-includes/template-loader.php(106): include('/home/testsftp/...')
#5 /home/testsftp/hype/wp-blog-header.php(19): require_once('/home/testsftp/...')
#6 /home/testsftp/hype/index.php(17): require('/home/testsftp/...')
#7 {main}
  thrown in /home/testsftp/hype/wp-content/themes/hyperlabs/inc/custom_woo.php on line 142

2023-12-12T09:53:05+00:00 CRITICAL Uncaught Error: Call to undefined function get_minimum_product_price() in /home/testsftp/hype/wp-content/themes/hyperlabs/inc/custom_woo.php:142
Stack trace:
#0 /home/testsftp/hype/wp-includes/class-wp-hook.php(324): woocommerce_custom_filter_and_deafult_filter_wrapper_start()
#1 /home/testsftp/hype/wp-includes/class-wp-hook.php(348): WP_Hook->apply_filters()
#2 /home/testsftp/hype/wp-includes/plugin.php(517): WP_Hook->do_action()
#3 /home/testsftp/hype/wp-content/themes/hyperlabs/woocommerce/archive-product.php(60): do_action()
#4 /home/testsftp/hype/wp-includes/template-loader.php(106): include('/home/testsftp/...')
#5 /home/testsftp/hype/wp-blog-header.php(19): require_once('/home/testsftp/...')
#6 /home/testsftp/hype/index.php(17): require('/home/testsftp/...')
#7 {main}
  thrown in /home/testsftp/hype/wp-content/themes/hyperlabs/inc/custom_woo.php on line 142

2023-12-12T10:18:09+00:00 CRITICAL Uncaught Error: Class 'Footer_Walker_Nav_Menu' not found in /home/testsftp/hype/wp-content/themes/hyperlabs/template-parts/site-footer.php:50
Stack trace:
#0 /home/testsftp/hype/wp-includes/template.php(792): require()
#1 /home/testsftp/hype/wp-includes/template.php(725): load_template()
#2 /home/testsftp/hype/wp-includes/general-template.php(206): locate_template()
#3 /home/testsftp/hype/wp-content/themes/hyperlabs/footer.php(30): get_template_part()
#4 /home/testsftp/hype/wp-includes/template.php(790): require_once('/home/testsftp/...')
#5 /home/testsftp/hype/wp-includes/template.php(725): load_template()
#6 /home/testsftp/hype/wp-includes/general-template.php(92): locate_template()
#7 /home/testsftp/hype/wp-content/themes/hyperlabs/404.php(87): get_footer()
#8 /home/testsftp/hype/wp-includes/template-loader.php(106): include('/home/testsftp/...')
#9 /home/testsftp/hype/wp-blog-header.php(19): require_once('/home/testsftp/...')
#10 /home/testsftp/hype/index.php(17): require('/home/testsftp/...')
#11 {main}
 in /home/testsftp/hype/wp-content/themes/hyperlabs/template-parts/site-footer.php on line 50

