2023-11-21T17:47:41+00:00 CRITICAL Uncaught Error: Failed opening required '/var/www/html/vendor/autoload.php' (include_path='.:/usr/local/lib/php') in /var/www/html/wp-content/themes/hyperlabs/functions.php:202
Stack trace:
#0 /var/www/html/wp-settings.php(611): include()
#1 /var/www/html/wp-config.php(137): require_once('/var/www/html/w...')
#2 /var/www/html/wp-load.php(50): require_once('/var/www/html/w...')
#3 /var/www/html/wp-blog-header.php(13): require_once('/var/www/html/w...')
#4 /var/www/html/index.php(17): require('/var/www/html/w...')
#5 {main}
  thrown in /var/www/html/wp-content/themes/hyperlabs/functions.php on line 202

2023-11-21T17:47:42+00:00 CRITICAL Uncaught Error: Failed opening required '/var/www/html/vendor/autoload.php' (include_path='.:/usr/local/lib/php') in /var/www/html/wp-content/themes/hyperlabs/functions.php:202
Stack trace:
#0 /var/www/html/wp-settings.php(611): include()
#1 /var/www/html/wp-config.php(137): require_once('/var/www/html/w...')
#2 /var/www/html/wp-load.php(50): require_once('/var/www/html/w...')
#3 /var/www/html/wp-blog-header.php(13): require_once('/var/www/html/w...')
#4 /var/www/html/index.php(17): require('/var/www/html/w...')
#5 {main}
  thrown in /var/www/html/wp-content/themes/hyperlabs/functions.php on line 202

2023-11-21T17:48:28+00:00 CRITICAL Uncaught Error: Failed opening required '/var/www/html/vendor/autoload.php' (include_path='.:/usr/local/lib/php') in /var/www/html/wp-content/themes/hyperlabs/functions.php:202
Stack trace:
#0 /var/www/html/wp-settings.php(611): include()
#1 /var/www/html/wp-config.php(137): require_once('/var/www/html/w...')
#2 /var/www/html/wp-load.php(50): require_once('/var/www/html/w...')
#3 /var/www/html/wp-blog-header.php(13): require_once('/var/www/html/w...')
#4 /var/www/html/index.php(17): require('/var/www/html/w...')
#5 {main}
  thrown in /var/www/html/wp-content/themes/hyperlabs/functions.php on line 202

