2023-12-14T03:45:59+00:00 CRITICAL Uncaught Error: Call to undefined function woocommerce_no_products_found() in /home/testsftp/hype/wp-content/themes/hyperlabs/inc/custom_woo.php:76
Stack trace:
#0 /home/testsftp/hype/wp-includes/class-wp-hook.php(324): hyperlabs_set_posts_per_page_for_archive()
#1 /home/testsftp/hype/wp-includes/class-wp-hook.php(348): WP_Hook->apply_filters()
#2 /home/testsftp/hype/wp-includes/plugin.php(565): WP_Hook->do_action()
#3 /home/testsftp/hype/wp-includes/class-wp-query.php(1881): do_action_ref_array()
#4 /home/testsftp/hype/wp-includes/class-wp-query.php(3824): WP_Query->get_posts()
#5 /home/testsftp/hype/wp-includes/class-wp.php(696): WP_Query->query()
#6 /home/testsftp/hype/wp-includes/class-wp.php(816): WP->query_posts()
#7 /home/testsftp/hype/wp-includes/functions.php(1336): WP->main()
#8 /home/testsftp/hype/wp-blog-header.php(16): wp()
#9 /home/testsftp/hype/index.php(17): require('/home/testsftp/...')
#10 {main}
  thrown in /home/testsftp/hype/wp-content/themes/hyperlabs/inc/custom_woo.php on line 76

2023-12-14T03:46:41+00:00 CRITICAL Uncaught Error: Call to undefined function woocommerce_no_products_found() in /home/testsftp/hype/wp-content/themes/hyperlabs/inc/custom_woo.php:76
Stack trace:
#0 /home/testsftp/hype/wp-includes/class-wp-hook.php(324): hyperlabs_set_posts_per_page_for_archive()
#1 /home/testsftp/hype/wp-includes/class-wp-hook.php(348): WP_Hook->apply_filters()
#2 /home/testsftp/hype/wp-includes/plugin.php(565): WP_Hook->do_action()
#3 /home/testsftp/hype/wp-includes/class-wp-query.php(1881): do_action_ref_array()
#4 /home/testsftp/hype/wp-includes/class-wp-query.php(3824): WP_Query->get_posts()
#5 /home/testsftp/hype/wp-includes/class-wp.php(696): WP_Query->query()
#6 /home/testsftp/hype/wp-includes/class-wp.php(816): WP->query_posts()
#7 /home/testsftp/hype/wp-includes/functions.php(1336): WP->main()
#8 /home/testsftp/hype/wp-blog-header.php(16): wp()
#9 /home/testsftp/hype/index.php(17): require('/home/testsftp/...')
#10 {main}
  thrown in /home/testsftp/hype/wp-content/themes/hyperlabs/inc/custom_woo.php on line 76

2023-12-14T03:46:44+00:00 CRITICAL Uncaught Error: Call to undefined function woocommerce_no_products_found() in /home/testsftp/hype/wp-content/themes/hyperlabs/inc/custom_woo.php:76
Stack trace:
#0 /home/testsftp/hype/wp-includes/class-wp-hook.php(324): hyperlabs_set_posts_per_page_for_archive()
#1 /home/testsftp/hype/wp-includes/class-wp-hook.php(348): WP_Hook->apply_filters()
#2 /home/testsftp/hype/wp-includes/plugin.php(565): WP_Hook->do_action()
#3 /home/testsftp/hype/wp-includes/class-wp-query.php(1881): do_action_ref_array()
#4 /home/testsftp/hype/wp-includes/class-wp-query.php(3824): WP_Query->get_posts()
#5 /home/testsftp/hype/wp-includes/class-wp.php(696): WP_Query->query()
#6 /home/testsftp/hype/wp-includes/class-wp.php(816): WP->query_posts()
#7 /home/testsftp/hype/wp-includes/functions.php(1336): WP->main()
#8 /home/testsftp/hype/wp-blog-header.php(16): wp()
#9 /home/testsftp/hype/index.php(17): require('/home/testsftp/...')
#10 {main}
  thrown in /home/testsftp/hype/wp-content/themes/hyperlabs/inc/custom_woo.php on line 76

2023-12-14T03:46:45+00:00 CRITICAL Uncaught Error: Call to undefined function woocommerce_no_products_found() in /home/testsftp/hype/wp-content/themes/hyperlabs/inc/custom_woo.php:76
Stack trace:
#0 /home/testsftp/hype/wp-includes/class-wp-hook.php(324): hyperlabs_set_posts_per_page_for_archive()
#1 /home/testsftp/hype/wp-includes/class-wp-hook.php(348): WP_Hook->apply_filters()
#2 /home/testsftp/hype/wp-includes/plugin.php(565): WP_Hook->do_action()
#3 /home/testsftp/hype/wp-includes/class-wp-query.php(1881): do_action_ref_array()
#4 /home/testsftp/hype/wp-includes/class-wp-query.php(3824): WP_Query->get_posts()
#5 /home/testsftp/hype/wp-includes/class-wp.php(696): WP_Query->query()
#6 /home/testsftp/hype/wp-includes/class-wp.php(816): WP->query_posts()
#7 /home/testsftp/hype/wp-includes/functions.php(1336): WP->main()
#8 /home/testsftp/hype/wp-blog-header.php(16): wp()
#9 /home/testsftp/hype/index.php(17): require('/home/testsftp/...')
#10 {main}
  thrown in /home/testsftp/hype/wp-content/themes/hyperlabs/inc/custom_woo.php on line 76

2023-12-14T03:46:45+00:00 CRITICAL Uncaught Error: Call to undefined function woocommerce_no_products_found() in /home/testsftp/hype/wp-content/themes/hyperlabs/inc/custom_woo.php:76
Stack trace:
#0 /home/testsftp/hype/wp-includes/class-wp-hook.php(324): hyperlabs_set_posts_per_page_for_archive()
#1 /home/testsftp/hype/wp-includes/class-wp-hook.php(348): WP_Hook->apply_filters()
#2 /home/testsftp/hype/wp-includes/plugin.php(565): WP_Hook->do_action()
#3 /home/testsftp/hype/wp-includes/class-wp-query.php(1881): do_action_ref_array()
#4 /home/testsftp/hype/wp-includes/class-wp-query.php(3824): WP_Query->get_posts()
#5 /home/testsftp/hype/wp-includes/class-wp.php(696): WP_Query->query()
#6 /home/testsftp/hype/wp-includes/class-wp.php(816): WP->query_posts()
#7 /home/testsftp/hype/wp-includes/functions.php(1336): WP->main()
#8 /home/testsftp/hype/wp-blog-header.php(16): wp()
#9 /home/testsftp/hype/index.php(17): require('/home/testsftp/...')
#10 {main}
  thrown in /home/testsftp/hype/wp-content/themes/hyperlabs/inc/custom_woo.php on line 76

2023-12-14T03:47:28+00:00 CRITICAL Uncaught Error: Call to undefined function woocommerce_no_products_found() in /home/testsftp/hype/wp-content/themes/hyperlabs/inc/custom_woo.php:77
Stack trace:
#0 /home/testsftp/hype/wp-includes/class-wp-hook.php(324): hyperlabs_set_posts_per_page_for_archive()
#1 /home/testsftp/hype/wp-includes/class-wp-hook.php(348): WP_Hook->apply_filters()
#2 /home/testsftp/hype/wp-includes/plugin.php(565): WP_Hook->do_action()
#3 /home/testsftp/hype/wp-includes/class-wp-query.php(1881): do_action_ref_array()
#4 /home/testsftp/hype/wp-includes/class-wp-query.php(3824): WP_Query->get_posts()
#5 /home/testsftp/hype/wp-includes/class-wp.php(696): WP_Query->query()
#6 /home/testsftp/hype/wp-includes/class-wp.php(816): WP->query_posts()
#7 /home/testsftp/hype/wp-includes/functions.php(1336): WP->main()
#8 /home/testsftp/hype/wp-blog-header.php(16): wp()
#9 /home/testsftp/hype/index.php(17): require('/home/testsftp/...')
#10 {main}
  thrown in /home/testsftp/hype/wp-content/themes/hyperlabs/inc/custom_woo.php on line 77

2023-12-14T03:47:31+00:00 CRITICAL Uncaught Error: Call to undefined function woocommerce_no_products_found() in /home/testsftp/hype/wp-content/themes/hyperlabs/inc/custom_woo.php:77
Stack trace:
#0 /home/testsftp/hype/wp-includes/class-wp-hook.php(324): hyperlabs_set_posts_per_page_for_archive()
#1 /home/testsftp/hype/wp-includes/class-wp-hook.php(348): WP_Hook->apply_filters()
#2 /home/testsftp/hype/wp-includes/plugin.php(565): WP_Hook->do_action()
#3 /home/testsftp/hype/wp-includes/class-wp-query.php(1881): do_action_ref_array()
#4 /home/testsftp/hype/wp-includes/class-wp-query.php(3824): WP_Query->get_posts()
#5 /home/testsftp/hype/wp-includes/class-wp.php(696): WP_Query->query()
#6 /home/testsftp/hype/wp-includes/class-wp.php(816): WP->query_posts()
#7 /home/testsftp/hype/wp-includes/functions.php(1336): WP->main()
#8 /home/testsftp/hype/wp-blog-header.php(16): wp()
#9 /home/testsftp/hype/index.php(17): require('/home/testsftp/...')
#10 {main}
  thrown in /home/testsftp/hype/wp-content/themes/hyperlabs/inc/custom_woo.php on line 77

2023-12-14T03:47:56+00:00 CRITICAL Uncaught Error: Call to undefined function woocommerce_no_products_found() in /home/testsftp/hype/wp-content/themes/hyperlabs/inc/custom_woo.php:94
Stack trace:
#0 /home/testsftp/hype/wp-includes/class-wp-hook.php(324): hyperlabs_set_posts_per_page_for_archive()
#1 /home/testsftp/hype/wp-includes/class-wp-hook.php(348): WP_Hook->apply_filters()
#2 /home/testsftp/hype/wp-includes/plugin.php(565): WP_Hook->do_action()
#3 /home/testsftp/hype/wp-includes/class-wp-query.php(1881): do_action_ref_array()
#4 /home/testsftp/hype/wp-includes/class-wp-query.php(3824): WP_Query->get_posts()
#5 /home/testsftp/hype/wp-includes/class-wp.php(696): WP_Query->query()
#6 /home/testsftp/hype/wp-includes/class-wp.php(816): WP->query_posts()
#7 /home/testsftp/hype/wp-includes/functions.php(1336): WP->main()
#8 /home/testsftp/hype/wp-blog-header.php(16): wp()
#9 /home/testsftp/hype/index.php(17): require('/home/testsftp/...')
#10 {main}
  thrown in /home/testsftp/hype/wp-content/themes/hyperlabs/inc/custom_woo.php on line 94

2023-12-14T03:47:59+00:00 CRITICAL Uncaught Error: Call to undefined function woocommerce_no_products_found() in /home/testsftp/hype/wp-content/themes/hyperlabs/inc/custom_woo.php:94
Stack trace:
#0 /home/testsftp/hype/wp-includes/class-wp-hook.php(324): hyperlabs_set_posts_per_page_for_archive()
#1 /home/testsftp/hype/wp-includes/class-wp-hook.php(348): WP_Hook->apply_filters()
#2 /home/testsftp/hype/wp-includes/plugin.php(565): WP_Hook->do_action()
#3 /home/testsftp/hype/wp-includes/class-wp-query.php(1881): do_action_ref_array()
#4 /home/testsftp/hype/wp-includes/class-wp-query.php(3824): WP_Query->get_posts()
#5 /home/testsftp/hype/wp-includes/class-wp.php(696): WP_Query->query()
#6 /home/testsftp/hype/wp-includes/class-wp.php(816): WP->query_posts()
#7 /home/testsftp/hype/wp-includes/functions.php(1336): WP->main()
#8 /home/testsftp/hype/wp-blog-header.php(16): wp()
#9 /home/testsftp/hype/index.php(17): require('/home/testsftp/...')
#10 {main}
  thrown in /home/testsftp/hype/wp-content/themes/hyperlabs/inc/custom_woo.php on line 94

2023-12-14T03:47:59+00:00 CRITICAL Uncaught Error: Call to undefined function woocommerce_no_products_found() in /home/testsftp/hype/wp-content/themes/hyperlabs/inc/custom_woo.php:94
Stack trace:
#0 /home/testsftp/hype/wp-includes/class-wp-hook.php(324): hyperlabs_set_posts_per_page_for_archive()
#1 /home/testsftp/hype/wp-includes/class-wp-hook.php(348): WP_Hook->apply_filters()
#2 /home/testsftp/hype/wp-includes/plugin.php(565): WP_Hook->do_action()
#3 /home/testsftp/hype/wp-includes/class-wp-query.php(1881): do_action_ref_array()
#4 /home/testsftp/hype/wp-includes/class-wp-query.php(3824): WP_Query->get_posts()
#5 /home/testsftp/hype/wp-includes/class-wp.php(696): WP_Query->query()
#6 /home/testsftp/hype/wp-includes/class-wp.php(816): WP->query_posts()
#7 /home/testsftp/hype/wp-includes/functions.php(1336): WP->main()
#8 /home/testsftp/hype/wp-blog-header.php(16): wp()
#9 /home/testsftp/hype/index.php(17): require('/home/testsftp/...')
#10 {main}
  thrown in /home/testsftp/hype/wp-content/themes/hyperlabs/inc/custom_woo.php on line 94

2023-12-14T03:47:59+00:00 CRITICAL Uncaught Error: Call to undefined function woocommerce_no_products_found() in /home/testsftp/hype/wp-content/themes/hyperlabs/inc/custom_woo.php:94
Stack trace:
#0 /home/testsftp/hype/wp-includes/class-wp-hook.php(324): hyperlabs_set_posts_per_page_for_archive()
#1 /home/testsftp/hype/wp-includes/class-wp-hook.php(348): WP_Hook->apply_filters()
#2 /home/testsftp/hype/wp-includes/plugin.php(565): WP_Hook->do_action()
#3 /home/testsftp/hype/wp-includes/class-wp-query.php(1881): do_action_ref_array()
#4 /home/testsftp/hype/wp-includes/class-wp-query.php(3824): WP_Query->get_posts()
#5 /home/testsftp/hype/wp-includes/class-wp.php(696): WP_Query->query()
#6 /home/testsftp/hype/wp-includes/class-wp.php(816): WP->query_posts()
#7 /home/testsftp/hype/wp-includes/functions.php(1336): WP->main()
#8 /home/testsftp/hype/wp-blog-header.php(16): wp()
#9 /home/testsftp/hype/index.php(17): require('/home/testsftp/...')
#10 {main}
  thrown in /home/testsftp/hype/wp-content/themes/hyperlabs/inc/custom_woo.php on line 94

2023-12-14T03:49:31+00:00 CRITICAL Uncaught Error: Call to undefined function woocommerce_no_products_found() in /home/testsftp/hype/wp-content/themes/hyperlabs/inc/custom_woo.php:96
Stack trace:
#0 /home/testsftp/hype/wp-includes/class-wp-hook.php(324): hyperlabs_set_posts_per_page_for_archive()
#1 /home/testsftp/hype/wp-includes/class-wp-hook.php(348): WP_Hook->apply_filters()
#2 /home/testsftp/hype/wp-includes/plugin.php(565): WP_Hook->do_action()
#3 /home/testsftp/hype/wp-includes/class-wp-query.php(1881): do_action_ref_array()
#4 /home/testsftp/hype/wp-includes/class-wp-query.php(3824): WP_Query->get_posts()
#5 /home/testsftp/hype/wp-includes/class-wp.php(696): WP_Query->query()
#6 /home/testsftp/hype/wp-includes/class-wp.php(816): WP->query_posts()
#7 /home/testsftp/hype/wp-includes/functions.php(1336): WP->main()
#8 /home/testsftp/hype/wp-blog-header.php(16): wp()
#9 /home/testsftp/hype/index.php(17): require('/home/testsftp/...')
#10 {main}
  thrown in /home/testsftp/hype/wp-content/themes/hyperlabs/inc/custom_woo.php on line 96

2023-12-14T03:52:19+00:00 CRITICAL Cannot redeclare wc_no_products_found_custom_html() (previously declared in /home/testsftp/hype/wp-content/themes/hyperlabs/functions.php:551) in /home/testsftp/hype/wp-content/themes/hyperlabs/inc/custom_woo.php on line 9

2023-12-14T03:52:20+00:00 CRITICAL Cannot redeclare wc_no_products_found_custom_html() (previously declared in /home/testsftp/hype/wp-content/themes/hyperlabs/functions.php:551) in /home/testsftp/hype/wp-content/themes/hyperlabs/inc/custom_woo.php on line 9

2023-12-14T04:08:55+00:00 CRITICAL Uncaught Error: Call to a member function is_visible() on null in /home/testsftp/hype/wp-content/themes/hyperlabs/inc/custom_woo.php:91
Stack trace:
#0 /home/testsftp/hype/wp-includes/class-wp-hook.php(324): hyperlabs_set_posts_per_page_for_archive()
#1 /home/testsftp/hype/wp-includes/class-wp-hook.php(348): WP_Hook->apply_filters()
#2 /home/testsftp/hype/wp-includes/plugin.php(565): WP_Hook->do_action()
#3 /home/testsftp/hype/wp-includes/class-wp-query.php(1881): do_action_ref_array()
#4 /home/testsftp/hype/wp-includes/class-wp-query.php(3824): WP_Query->get_posts()
#5 /home/testsftp/hype/wp-includes/class-wp.php(696): WP_Query->query()
#6 /home/testsftp/hype/wp-includes/class-wp.php(816): WP->query_posts()
#7 /home/testsftp/hype/wp-includes/functions.php(1336): WP->main()
#8 /home/testsftp/hype/wp-blog-header.php(16): wp()
#9 /home/testsftp/hype/index.php(17): require('/home/testsftp/...')
#10 {main}
  thrown in /home/testsftp/hype/wp-content/themes/hyperlabs/inc/custom_woo.php on line 91

2023-12-14T04:15:06+00:00 CRITICAL Uncaught Error: Call to a member function is_visible() on null in /home/testsftp/hype/wp-content/themes/hyperlabs/inc/custom_woo.php:91
Stack trace:
#0 /home/testsftp/hype/wp-includes/class-wp-hook.php(324): hyperlabs_set_posts_per_page_for_archive()
#1 /home/testsftp/hype/wp-includes/class-wp-hook.php(348): WP_Hook->apply_filters()
#2 /home/testsftp/hype/wp-includes/plugin.php(565): WP_Hook->do_action()
#3 /home/testsftp/hype/wp-includes/class-wp-query.php(1881): do_action_ref_array()
#4 /home/testsftp/hype/wp-includes/class-wp-query.php(3824): WP_Query->get_posts()
#5 /home/testsftp/hype/wp-includes/class-wp.php(696): WP_Query->query()
#6 /home/testsftp/hype/wp-includes/class-wp.php(816): WP->query_posts()
#7 /home/testsftp/hype/wp-includes/functions.php(1336): WP->main()
#8 /home/testsftp/hype/wp-blog-header.php(16): wp()
#9 /home/testsftp/hype/index.php(17): require('/home/testsftp/...')
#10 {main}
  thrown in /home/testsftp/hype/wp-content/themes/hyperlabs/inc/custom_woo.php on line 91

2023-12-14T05:24:27+00:00 CRITICAL Uncaught Error: Call to undefined function hyperlabs_post_thumbnail() in /home/testsftp/hype/wp-content/themes/hyperlabs/template-parts/content-page.php:17
Stack trace:
#0 /home/testsftp/hype/wp-includes/template.php(792): require()
#1 /home/testsftp/hype/wp-includes/template.php(725): load_template()
#2 /home/testsftp/hype/wp-includes/general-template.php(206): locate_template()
#3 /home/testsftp/hype/wp-content/themes/hyperlabs/page.php(39): get_template_part()
#4 /home/testsftp/hype/wp-includes/template-loader.php(106): include('/home/testsftp/...')
#5 /home/testsftp/hype/wp-blog-header.php(19): require_once('/home/testsftp/...')
#6 /home/testsftp/hype/index.php(17): require('/home/testsftp/...')
#7 {main}
  thrown in /home/testsftp/hype/wp-content/themes/hyperlabs/template-parts/content-page.php on line 17

2023-12-14T05:59:30+00:00 CRITICAL Uncaught Error: Call to undefined method WC_Product_Variable::get_default_variation_id() in /home/testsftp/hype/wp-content/themes/hyperlabs/functions.php:460
Stack trace:
#0 /home/testsftp/hype/wp-includes/class-wp-hook.php(324): custom_attribute_popup_html()
#1 /home/testsftp/hype/wp-includes/class-wp-hook.php(348): WP_Hook->apply_filters()
#2 /home/testsftp/hype/wp-includes/plugin.php(517): WP_Hook->do_action()
#3 /home/testsftp/hype/wp-content/plugins/woocommerce/templates/single-product/add-to-cart/variable.php(26): do_action()
#4 /home/testsftp/hype/wp-content/plugins/woocommerce/includes/wc-core-functions.php(345): include('/home/testsftp/...')
#5 /home/testsftp/hype/wp-content/plugins/woocommerce/includes/wc-template-functions.php(1756): wc_get_template()
#6 /home/testsftp/hype/wp-includes/class-wp-hook.php(324): woocommerce_variable_add_to_cart()
#7 /home/testsftp/hype/wp-includes/class-wp-hook.php(348): WP_Hook->apply_filters()
#8 /home/testsftp/hype/wp-includes/plugin.php(517): WP_Hook->do_action()
 in /home/testsftp/hype/wp-content/themes/hyperlabs/functions.php on line 460

2023-12-14T06:00:08+00:00 CRITICAL syntax error, unexpected '?>' in /home/testsftp/hype/wp-content/themes/hyperlabs/functions.php on line 500

2023-12-14T06:00:08+00:00 CRITICAL syntax error, unexpected '?>' in /home/testsftp/hype/wp-content/themes/hyperlabs/functions.php on line 500

2023-12-14T06:02:08+00:00 CRITICAL Uncaught Error: Call to undefined function wc_get_default_variation_id() in /home/testsftp/hype/wp-content/themes/hyperlabs/functions.php:460
Stack trace:
#0 /home/testsftp/hype/wp-includes/class-wp-hook.php(324): custom_attribute_popup_html()
#1 /home/testsftp/hype/wp-includes/class-wp-hook.php(348): WP_Hook->apply_filters()
#2 /home/testsftp/hype/wp-includes/plugin.php(517): WP_Hook->do_action()
#3 /home/testsftp/hype/wp-content/plugins/woocommerce/templates/single-product/add-to-cart/variable.php(26): do_action()
#4 /home/testsftp/hype/wp-content/plugins/woocommerce/includes/wc-core-functions.php(345): include('/home/testsftp/...')
#5 /home/testsftp/hype/wp-content/plugins/woocommerce/includes/wc-template-functions.php(1756): wc_get_template()
#6 /home/testsftp/hype/wp-includes/class-wp-hook.php(324): woocommerce_variable_add_to_cart()
#7 /home/testsftp/hype/wp-includes/class-wp-hook.php(348): WP_Hook->apply_filters()
#8 /home/testsftp/hype/wp-includes/plugin.php(517): WP_Hook->do_action()
#9 /home/testsft in /home/testsftp/hype/wp-content/themes/hyperlabs/functions.php on line 460

2023-12-14T06:33:02+00:00 CRITICAL Uncaught Error: Call to undefined function wc_get_default_variation_attributes() in /home/testsftp/hype/wp-content/themes/hyperlabs/functions.php:461
Stack trace:
#0 /home/testsftp/hype/wp-includes/class-wp-hook.php(324): custom_attribute_popup_html()
#1 /home/testsftp/hype/wp-includes/class-wp-hook.php(348): WP_Hook->apply_filters()
#2 /home/testsftp/hype/wp-includes/plugin.php(517): WP_Hook->do_action()
#3 /home/testsftp/hype/wp-content/plugins/woocommerce/templates/single-product/add-to-cart/variable.php(26): do_action()
#4 /home/testsftp/hype/wp-content/plugins/woocommerce/includes/wc-core-functions.php(345): include('/home/testsftp/...')
#5 /home/testsftp/hype/wp-content/plugins/woocommerce/includes/wc-template-functions.php(1756): wc_get_template()
#6 /home/testsftp/hype/wp-includes/class-wp-hook.php(324): woocommerce_variable_add_to_cart()
#7 /home/testsftp/hype/wp-includes/class-wp-hook.php(348): WP_Hook->apply_filters()
#8 /home/testsftp/hype/wp-includes/plugin.php(517): WP_Hook->do_action()
#9 /home in /home/testsftp/hype/wp-content/themes/hyperlabs/functions.php on line 461

2023-12-14T06:41:10+00:00 CRITICAL syntax error, unexpected ';', expecting ')' in /home/testsftp/hype/wp-content/themes/hyperlabs/functions.php on line 472

2023-12-14T06:41:11+00:00 CRITICAL syntax error, unexpected ';', expecting ')' in /home/testsftp/hype/wp-content/themes/hyperlabs/functions.php on line 472

2023-12-14T06:50:31+00:00 CRITICAL Uncaught Error: Call to a member function is_type() on string in /home/testsftp/hype/wp-content/themes/hyperlabs/template-parts/site-header.php:13
Stack trace:
#0 /home/testsftp/hype/wp-includes/template.php(792): require()
#1 /home/testsftp/hype/wp-includes/template.php(725): load_template()
#2 /home/testsftp/hype/wp-includes/general-template.php(206): locate_template()
#3 /home/testsftp/hype/wp-content/themes/hyperlabs/header.php(30): get_template_part()
#4 /home/testsftp/hype/wp-includes/template.php(790): require_once('/home/testsftp/...')
#5 /home/testsftp/hype/wp-includes/template.php(725): load_template()
#6 /home/testsftp/hype/wp-includes/general-template.php(48): locate_template()
#7 /home/testsftp/hype/wp-content/themes/hyperlabs/woocommerce/single-product.php(22): get_header()
#8 /home/testsftp/hype/wp-includes/template-loader.php(106): include('/home/testsftp/...')
#9 /home/testsftp/hype/wp-blog-header.php(19): require_once('/home/testsftp/...')
#10 /home/testsftp/hype/index.php(17): require('/hom in /home/testsftp/hype/wp-content/themes/hyperlabs/template-parts/site-header.php on line 13

2023-12-14T06:50:32+00:00 CRITICAL Uncaught Error: Call to a member function is_type() on null in /home/testsftp/hype/wp-content/themes/hyperlabs/template-parts/site-header.php:13
Stack trace:
#0 /home/testsftp/hype/wp-includes/template.php(792): require()
#1 /home/testsftp/hype/wp-includes/template.php(725): load_template()
#2 /home/testsftp/hype/wp-includes/general-template.php(206): locate_template()
#3 /home/testsftp/hype/wp-content/themes/hyperlabs/header.php(30): get_template_part()
#4 /home/testsftp/hype/wp-includes/template.php(790): require_once('/home/testsftp/...')
#5 /home/testsftp/hype/wp-includes/template.php(725): load_template()
#6 /home/testsftp/hype/wp-includes/general-template.php(48): locate_template()
#7 /home/testsftp/hype/wp-content/themes/hyperlabs/404.php(14): get_header()
#8 /home/testsftp/hype/wp-includes/template-loader.php(106): include('/home/testsftp/...')
#9 /home/testsftp/hype/wp-blog-header.php(19): require_once('/home/testsftp/...')
#10 /home/testsftp/hype/index.php(17): require('/home/testsftp/...')
#11 {mai in /home/testsftp/hype/wp-content/themes/hyperlabs/template-parts/site-header.php on line 13

2023-12-14T06:50:32+00:00 CRITICAL Uncaught Error: Call to a member function is_type() on null in /home/testsftp/hype/wp-content/themes/hyperlabs/template-parts/site-header.php:13
Stack trace:
#0 /home/testsftp/hype/wp-includes/template.php(792): require()
#1 /home/testsftp/hype/wp-includes/template.php(725): load_template()
#2 /home/testsftp/hype/wp-includes/general-template.php(206): locate_template()
#3 /home/testsftp/hype/wp-content/themes/hyperlabs/header.php(30): get_template_part()
#4 /home/testsftp/hype/wp-includes/template.php(790): require_once('/home/testsftp/...')
#5 /home/testsftp/hype/wp-includes/template.php(725): load_template()
#6 /home/testsftp/hype/wp-includes/general-template.php(48): locate_template()
#7 /home/testsftp/hype/wp-content/themes/hyperlabs/404.php(14): get_header()
#8 /home/testsftp/hype/wp-includes/template-loader.php(106): include('/home/testsftp/...')
#9 /home/testsftp/hype/wp-blog-header.php(19): require_once('/home/testsftp/...')
#10 /home/testsftp/hype/index.php(17): require('/home/testsftp/...')
#11 {mai in /home/testsftp/hype/wp-content/themes/hyperlabs/template-parts/site-header.php on line 13

2023-12-14T06:50:32+00:00 CRITICAL Uncaught Error: Call to a member function is_type() on null in /home/testsftp/hype/wp-content/themes/hyperlabs/template-parts/site-header.php:13
Stack trace:
#0 /home/testsftp/hype/wp-includes/template.php(792): require()
#1 /home/testsftp/hype/wp-includes/template.php(725): load_template()
#2 /home/testsftp/hype/wp-includes/general-template.php(206): locate_template()
#3 /home/testsftp/hype/wp-content/themes/hyperlabs/header.php(30): get_template_part()
#4 /home/testsftp/hype/wp-includes/template.php(790): require_once('/home/testsftp/...')
#5 /home/testsftp/hype/wp-includes/template.php(725): load_template()
#6 /home/testsftp/hype/wp-includes/general-template.php(48): locate_template()
#7 /home/testsftp/hype/wp-content/themes/hyperlabs/404.php(14): get_header()
#8 /home/testsftp/hype/wp-includes/template-loader.php(106): include('/home/testsftp/...')
#9 /home/testsftp/hype/wp-blog-header.php(19): require_once('/home/testsftp/...')
#10 /home/testsftp/hype/index.php(17): require('/home/testsftp/...')
#11 {mai in /home/testsftp/hype/wp-content/themes/hyperlabs/template-parts/site-header.php on line 13

2023-12-14T06:56:13+00:00 CRITICAL syntax error, unexpected '/' in /home/testsftp/hype/wp-content/themes/hyperlabs/functions.php on line 467

2023-12-14T06:56:14+00:00 CRITICAL syntax error, unexpected '/' in /home/testsftp/hype/wp-content/themes/hyperlabs/functions.php on line 467

2023-12-14T07:01:54+00:00 CRITICAL Uncaught Error: Call to undefined function wc_get_term_id_by_name() in /home/testsftp/hype/wp-content/themes/hyperlabs/functions.php:472
Stack trace:
#0 /home/testsftp/hype/wp-includes/class-wp-hook.php(324): custom_attribute_popup_html()
#1 /home/testsftp/hype/wp-includes/class-wp-hook.php(348): WP_Hook->apply_filters()
#2 /home/testsftp/hype/wp-includes/plugin.php(517): WP_Hook->do_action()
#3 /home/testsftp/hype/wp-content/plugins/woocommerce/templates/single-product/add-to-cart/variable.php(26): do_action()
#4 /home/testsftp/hype/wp-content/plugins/woocommerce/includes/wc-core-functions.php(345): include('/home/testsftp/...')
#5 /home/testsftp/hype/wp-content/plugins/woocommerce/includes/wc-template-functions.php(1756): wc_get_template()
#6 /home/testsftp/hype/wp-includes/class-wp-hook.php(324): woocommerce_variable_add_to_cart()
#7 /home/testsftp/hype/wp-includes/class-wp-hook.php(348): WP_Hook->apply_filters()
#8 /home/testsftp/hype/wp-includes/plugin.php(517): WP_Hook->do_action()
#9 /home/testsftp/hyp in /home/testsftp/hype/wp-content/themes/hyperlabs/functions.php on line 472

2023-12-14T07:03:01+00:00 CRITICAL Uncaught Error: Call to undefined function wc_get_term_id_by_name() in /home/testsftp/hype/wp-content/themes/hyperlabs/functions.php:472
Stack trace:
#0 /home/testsftp/hype/wp-includes/class-wp-hook.php(324): custom_attribute_popup_html()
#1 /home/testsftp/hype/wp-includes/class-wp-hook.php(348): WP_Hook->apply_filters()
#2 /home/testsftp/hype/wp-includes/plugin.php(517): WP_Hook->do_action()
#3 /home/testsftp/hype/wp-content/plugins/woocommerce/templates/single-product/add-to-cart/variable.php(26): do_action()
#4 /home/testsftp/hype/wp-content/plugins/woocommerce/includes/wc-core-functions.php(345): include('/home/testsftp/...')
#5 /home/testsftp/hype/wp-content/plugins/woocommerce/includes/wc-template-functions.php(1756): wc_get_template()
#6 /home/testsftp/hype/wp-includes/class-wp-hook.php(324): woocommerce_variable_add_to_cart()
#7 /home/testsftp/hype/wp-includes/class-wp-hook.php(348): WP_Hook->apply_filters()
#8 /home/testsftp/hype/wp-includes/plugin.php(517): WP_Hook->do_action()
#9 /home/testsftp/hyp in /home/testsftp/hype/wp-content/themes/hyperlabs/functions.php on line 472

2023-12-14T07:03:14+00:00 CRITICAL Uncaught Error: Call to undefined function wc_get_term_id_by_name() in /home/testsftp/hype/wp-content/themes/hyperlabs/functions.php:472
Stack trace:
#0 /home/testsftp/hype/wp-includes/class-wp-hook.php(324): custom_attribute_popup_html()
#1 /home/testsftp/hype/wp-includes/class-wp-hook.php(348): WP_Hook->apply_filters()
#2 /home/testsftp/hype/wp-includes/plugin.php(517): WP_Hook->do_action()
#3 /home/testsftp/hype/wp-content/plugins/woocommerce/templates/single-product/add-to-cart/variable.php(26): do_action()
#4 /home/testsftp/hype/wp-content/plugins/woocommerce/includes/wc-core-functions.php(345): include('/home/testsftp/...')
#5 /home/testsftp/hype/wp-content/plugins/woocommerce/includes/wc-template-functions.php(1756): wc_get_template()
#6 /home/testsftp/hype/wp-includes/class-wp-hook.php(324): woocommerce_variable_add_to_cart()
#7 /home/testsftp/hype/wp-includes/class-wp-hook.php(348): WP_Hook->apply_filters()
#8 /home/testsftp/hype/wp-includes/plugin.php(517): WP_Hook->do_action()
#9 /home/testsftp/hyp in /home/testsftp/hype/wp-content/themes/hyperlabs/functions.php on line 472

2023-12-14T07:03:26+00:00 CRITICAL Uncaught Error: Call to undefined function wc_get_term_id_by_name() in /home/testsftp/hype/wp-content/themes/hyperlabs/functions.php:472
Stack trace:
#0 /home/testsftp/hype/wp-includes/class-wp-hook.php(324): custom_attribute_popup_html()
#1 /home/testsftp/hype/wp-includes/class-wp-hook.php(348): WP_Hook->apply_filters()
#2 /home/testsftp/hype/wp-includes/plugin.php(517): WP_Hook->do_action()
#3 /home/testsftp/hype/wp-content/plugins/woocommerce/templates/single-product/add-to-cart/variable.php(26): do_action()
#4 /home/testsftp/hype/wp-content/plugins/woocommerce/includes/wc-core-functions.php(345): include('/home/testsftp/...')
#5 /home/testsftp/hype/wp-content/plugins/woocommerce/includes/wc-template-functions.php(1756): wc_get_template()
#6 /home/testsftp/hype/wp-includes/class-wp-hook.php(324): woocommerce_variable_add_to_cart()
#7 /home/testsftp/hype/wp-includes/class-wp-hook.php(348): WP_Hook->apply_filters()
#8 /home/testsftp/hype/wp-includes/plugin.php(517): WP_Hook->do_action()
#9 /home/testsftp/hyp in /home/testsftp/hype/wp-content/themes/hyperlabs/functions.php on line 472

2023-12-14T07:03:36+00:00 CRITICAL Uncaught Error: Call to undefined function wc_get_term_id_by_name() in /home/testsftp/hype/wp-content/themes/hyperlabs/functions.php:472
Stack trace:
#0 /home/testsftp/hype/wp-includes/class-wp-hook.php(324): custom_attribute_popup_html()
#1 /home/testsftp/hype/wp-includes/class-wp-hook.php(348): WP_Hook->apply_filters()
#2 /home/testsftp/hype/wp-includes/plugin.php(517): WP_Hook->do_action()
#3 /home/testsftp/hype/wp-content/plugins/woocommerce/templates/single-product/add-to-cart/variable.php(26): do_action()
#4 /home/testsftp/hype/wp-content/plugins/woocommerce/includes/wc-core-functions.php(345): include('/home/testsftp/...')
#5 /home/testsftp/hype/wp-content/plugins/woocommerce/includes/wc-template-functions.php(1756): wc_get_template()
#6 /home/testsftp/hype/wp-includes/class-wp-hook.php(324): woocommerce_variable_add_to_cart()
#7 /home/testsftp/hype/wp-includes/class-wp-hook.php(348): WP_Hook->apply_filters()
#8 /home/testsftp/hype/wp-includes/plugin.php(517): WP_Hook->do_action()
#9 /home/testsftp/hyp in /home/testsftp/hype/wp-content/themes/hyperlabs/functions.php on line 472

2023-12-14T07:04:26+00:00 CRITICAL Uncaught Error: Call to undefined function wc_get_term_id_by_name() in /home/testsftp/hype/wp-content/themes/hyperlabs/functions.php:472
Stack trace:
#0 /home/testsftp/hype/wp-includes/class-wp-hook.php(324): custom_attribute_popup_html()
#1 /home/testsftp/hype/wp-includes/class-wp-hook.php(348): WP_Hook->apply_filters()
#2 /home/testsftp/hype/wp-includes/plugin.php(517): WP_Hook->do_action()
#3 /home/testsftp/hype/wp-content/plugins/woocommerce/templates/single-product/add-to-cart/variable.php(26): do_action()
#4 /home/testsftp/hype/wp-content/plugins/woocommerce/includes/wc-core-functions.php(345): include('/home/testsftp/...')
#5 /home/testsftp/hype/wp-content/plugins/woocommerce/includes/wc-template-functions.php(1756): wc_get_template()
#6 /home/testsftp/hype/wp-includes/class-wp-hook.php(324): woocommerce_variable_add_to_cart()
#7 /home/testsftp/hype/wp-includes/class-wp-hook.php(348): WP_Hook->apply_filters()
#8 /home/testsftp/hype/wp-includes/plugin.php(517): WP_Hook->do_action()
#9 /home/testsftp/hyp in /home/testsftp/hype/wp-content/themes/hyperlabs/functions.php on line 472

2023-12-14T07:57:19+00:00 CRITICAL Uncaught ArgumentCountError: Too few arguments to function WC_Product::get_attribute(), 0 passed in /home/testsftp/hype/wp-content/themes/hyperlabs/functions.php on line 453 and exactly 1 expected in /home/testsftp/hype/wp-content/plugins/woocommerce/includes/abstracts/abstract-wc-product.php:2025
Stack trace:
#0 /home/testsftp/hype/wp-content/themes/hyperlabs/functions.php(453): WC_Product->get_attribute()
#1 /home/testsftp/hype/wp-includes/class-wp-hook.php(324): custom_attribute_popup_html()
#2 /home/testsftp/hype/wp-includes/class-wp-hook.php(348): WP_Hook->apply_filters()
#3 /home/testsftp/hype/wp-includes/plugin.php(517): WP_Hook->do_action()
#4 /home/testsftp/hype/wp-content/plugins/woocommerce/templates/single-product/add-to-cart/variable.php(26): do_action()
#5 /home/testsftp/hype/wp-content/plugins/woocommerce/includes/wc-core-functions.php(345): include('/home/testsftp/...')
#6 /home/testsftp/hype/wp-content/plugins/woocommerce/includes/wc-template-functions.php(1756): wc_get_template()
#7 /home/te in /home/testsftp/hype/wp-content/plugins/woocommerce/includes/abstracts/abstract-wc-product.php on line 2025

2023-12-14T08:31:53+00:00 CRITICAL Uncaught Error: Cannot use object of type WP_Term as array in /home/testsftp/hype/wp-content/themes/hyperlabs/functions.php:489
Stack trace:
#0 /home/testsftp/hype/wp-includes/class-wp-hook.php(324): custom_attribute_popup_html()
#1 /home/testsftp/hype/wp-includes/class-wp-hook.php(348): WP_Hook->apply_filters()
#2 /home/testsftp/hype/wp-includes/plugin.php(517): WP_Hook->do_action()
#3 /home/testsftp/hype/wp-content/plugins/woocommerce/templates/single-product/add-to-cart/variable.php(26): do_action()
#4 /home/testsftp/hype/wp-content/plugins/woocommerce/includes/wc-core-functions.php(345): include('/home/testsftp/...')
#5 /home/testsftp/hype/wp-content/plugins/woocommerce/includes/wc-template-functions.php(1756): wc_get_template()
#6 /home/testsftp/hype/wp-includes/class-wp-hook.php(324): woocommerce_variable_add_to_cart()
#7 /home/testsftp/hype/wp-includes/class-wp-hook.php(348): WP_Hook->apply_filters()
#8 /home/testsftp/hype/wp-includes/plugin.php(517): WP_Hook->do_action()
#9 /home/testsftp/hype/wp-cont in /home/testsftp/hype/wp-content/themes/hyperlabs/functions.php on line 489

2023-12-14T08:32:28+00:00 CRITICAL Uncaught Error: Cannot use object of type WP_Term as array in /home/testsftp/hype/wp-content/themes/hyperlabs/functions.php:489
Stack trace:
#0 /home/testsftp/hype/wp-includes/class-wp-hook.php(324): custom_attribute_popup_html()
#1 /home/testsftp/hype/wp-includes/class-wp-hook.php(348): WP_Hook->apply_filters()
#2 /home/testsftp/hype/wp-includes/plugin.php(517): WP_Hook->do_action()
#3 /home/testsftp/hype/wp-content/plugins/woocommerce/templates/single-product/add-to-cart/variable.php(26): do_action()
#4 /home/testsftp/hype/wp-content/plugins/woocommerce/includes/wc-core-functions.php(345): include('/home/testsftp/...')
#5 /home/testsftp/hype/wp-content/plugins/woocommerce/includes/wc-template-functions.php(1756): wc_get_template()
#6 /home/testsftp/hype/wp-includes/class-wp-hook.php(324): woocommerce_variable_add_to_cart()
#7 /home/testsftp/hype/wp-includes/class-wp-hook.php(348): WP_Hook->apply_filters()
#8 /home/testsftp/hype/wp-includes/plugin.php(517): WP_Hook->do_action()
#9 /home/testsftp/hype/wp-cont in /home/testsftp/hype/wp-content/themes/hyperlabs/functions.php on line 489

2023-12-14T08:32:59+00:00 CRITICAL Uncaught Error: Cannot use object of type WP_Term as array in /home/testsftp/hype/wp-content/themes/hyperlabs/functions.php:489
Stack trace:
#0 /home/testsftp/hype/wp-includes/class-wp-hook.php(324): custom_attribute_popup_html()
#1 /home/testsftp/hype/wp-includes/class-wp-hook.php(348): WP_Hook->apply_filters()
#2 /home/testsftp/hype/wp-includes/plugin.php(517): WP_Hook->do_action()
#3 /home/testsftp/hype/wp-content/plugins/woocommerce/templates/single-product/add-to-cart/variable.php(26): do_action()
#4 /home/testsftp/hype/wp-content/plugins/woocommerce/includes/wc-core-functions.php(345): include('/home/testsftp/...')
#5 /home/testsftp/hype/wp-content/plugins/woocommerce/includes/wc-template-functions.php(1756): wc_get_template()
#6 /home/testsftp/hype/wp-includes/class-wp-hook.php(324): woocommerce_variable_add_to_cart()
#7 /home/testsftp/hype/wp-includes/class-wp-hook.php(348): WP_Hook->apply_filters()
#8 /home/testsftp/hype/wp-includes/plugin.php(517): WP_Hook->do_action()
#9 /home/testsftp/hype/wp-cont in /home/testsftp/hype/wp-content/themes/hyperlabs/functions.php on line 489

2023-12-14T08:34:25+00:00 CRITICAL Uncaught Error: Cannot use object of type WP_Term as array in /home/testsftp/hype/wp-content/themes/hyperlabs/functions.php:490
Stack trace:
#0 /home/testsftp/hype/wp-includes/class-wp-hook.php(324): custom_attribute_popup_html()
#1 /home/testsftp/hype/wp-includes/class-wp-hook.php(348): WP_Hook->apply_filters()
#2 /home/testsftp/hype/wp-includes/plugin.php(517): WP_Hook->do_action()
#3 /home/testsftp/hype/wp-content/plugins/woocommerce/templates/single-product/add-to-cart/variable.php(26): do_action()
#4 /home/testsftp/hype/wp-content/plugins/woocommerce/includes/wc-core-functions.php(345): include('/home/testsftp/...')
#5 /home/testsftp/hype/wp-content/plugins/woocommerce/includes/wc-template-functions.php(1756): wc_get_template()
#6 /home/testsftp/hype/wp-includes/class-wp-hook.php(324): woocommerce_variable_add_to_cart()
#7 /home/testsftp/hype/wp-includes/class-wp-hook.php(348): WP_Hook->apply_filters()
#8 /home/testsftp/hype/wp-includes/plugin.php(517): WP_Hook->do_action()
#9 /home/testsftp/hype/wp-cont in /home/testsftp/hype/wp-content/themes/hyperlabs/functions.php on line 490

2023-12-14T08:34:28+00:00 CRITICAL Uncaught Error: Cannot use object of type WP_Term as array in /home/testsftp/hype/wp-content/themes/hyperlabs/functions.php:490
Stack trace:
#0 /home/testsftp/hype/wp-includes/class-wp-hook.php(324): custom_attribute_popup_html()
#1 /home/testsftp/hype/wp-includes/class-wp-hook.php(348): WP_Hook->apply_filters()
#2 /home/testsftp/hype/wp-includes/plugin.php(517): WP_Hook->do_action()
#3 /home/testsftp/hype/wp-content/plugins/woocommerce/templates/single-product/add-to-cart/variable.php(26): do_action()
#4 /home/testsftp/hype/wp-content/plugins/woocommerce/includes/wc-core-functions.php(345): include('/home/testsftp/...')
#5 /home/testsftp/hype/wp-content/plugins/woocommerce/includes/wc-template-functions.php(1756): wc_get_template()
#6 /home/testsftp/hype/wp-includes/class-wp-hook.php(324): woocommerce_variable_add_to_cart()
#7 /home/testsftp/hype/wp-includes/class-wp-hook.php(348): WP_Hook->apply_filters()
#8 /home/testsftp/hype/wp-includes/plugin.php(517): WP_Hook->do_action()
#9 /home/testsftp/hype/wp-cont in /home/testsftp/hype/wp-content/themes/hyperlabs/functions.php on line 490

2023-12-14T08:34:57+00:00 CRITICAL Uncaught Error: Cannot use object of type WP_Term as array in /home/testsftp/hype/wp-content/themes/hyperlabs/functions.php:491
Stack trace:
#0 /home/testsftp/hype/wp-includes/class-wp-hook.php(324): custom_attribute_popup_html()
#1 /home/testsftp/hype/wp-includes/class-wp-hook.php(348): WP_Hook->apply_filters()
#2 /home/testsftp/hype/wp-includes/plugin.php(517): WP_Hook->do_action()
#3 /home/testsftp/hype/wp-content/plugins/woocommerce/templates/single-product/add-to-cart/variable.php(26): do_action()
#4 /home/testsftp/hype/wp-content/plugins/woocommerce/includes/wc-core-functions.php(345): include('/home/testsftp/...')
#5 /home/testsftp/hype/wp-content/plugins/woocommerce/includes/wc-template-functions.php(1756): wc_get_template()
#6 /home/testsftp/hype/wp-includes/class-wp-hook.php(324): woocommerce_variable_add_to_cart()
#7 /home/testsftp/hype/wp-includes/class-wp-hook.php(348): WP_Hook->apply_filters()
#8 /home/testsftp/hype/wp-includes/plugin.php(517): WP_Hook->do_action()
#9 /home/testsftp/hype/wp-cont in /home/testsftp/hype/wp-content/themes/hyperlabs/functions.php on line 491

2023-12-14T08:35:29+00:00 CRITICAL Uncaught Error: Cannot use object of type WP_Term as array in /home/testsftp/hype/wp-content/themes/hyperlabs/functions.php:491
Stack trace:
#0 /home/testsftp/hype/wp-includes/class-wp-hook.php(324): custom_attribute_popup_html()
#1 /home/testsftp/hype/wp-includes/class-wp-hook.php(348): WP_Hook->apply_filters()
#2 /home/testsftp/hype/wp-includes/plugin.php(517): WP_Hook->do_action()
#3 /home/testsftp/hype/wp-content/plugins/woocommerce/templates/single-product/add-to-cart/variable.php(26): do_action()
#4 /home/testsftp/hype/wp-content/plugins/woocommerce/includes/wc-core-functions.php(345): include('/home/testsftp/...')
#5 /home/testsftp/hype/wp-content/plugins/woocommerce/includes/wc-template-functions.php(1756): wc_get_template()
#6 /home/testsftp/hype/wp-includes/class-wp-hook.php(324): woocommerce_variable_add_to_cart()
#7 /home/testsftp/hype/wp-includes/class-wp-hook.php(348): WP_Hook->apply_filters()
#8 /home/testsftp/hype/wp-includes/plugin.php(517): WP_Hook->do_action()
#9 /home/testsftp/hype/wp-cont in /home/testsftp/hype/wp-content/themes/hyperlabs/functions.php on line 491

2023-12-14T08:51:53+00:00 CRITICAL syntax error, unexpected ']' in /home/testsftp/hype/wp-content/themes/hyperlabs/functions.php on line 496

2023-12-14T08:51:54+00:00 CRITICAL syntax error, unexpected ']' in /home/testsftp/hype/wp-content/themes/hyperlabs/functions.php on line 496

2023-12-14T08:57:12+00:00 CRITICAL Uncaught Error: Cannot use object of type WP_Term as array in /home/testsftp/hype/wp-content/themes/hyperlabs/functions.php:495
Stack trace:
#0 /home/testsftp/hype/wp-includes/class-wp-hook.php(324): custom_attribute_popup_html()
#1 /home/testsftp/hype/wp-includes/class-wp-hook.php(348): WP_Hook->apply_filters()
#2 /home/testsftp/hype/wp-includes/plugin.php(517): WP_Hook->do_action()
#3 /home/testsftp/hype/wp-content/plugins/woocommerce/templates/single-product/add-to-cart/variable.php(26): do_action()
#4 /home/testsftp/hype/wp-content/plugins/woocommerce/includes/wc-core-functions.php(345): include('/home/testsftp/...')
#5 /home/testsftp/hype/wp-content/plugins/woocommerce/includes/wc-template-functions.php(1756): wc_get_template()
#6 /home/testsftp/hype/wp-includes/class-wp-hook.php(324): woocommerce_variable_add_to_cart()
#7 /home/testsftp/hype/wp-includes/class-wp-hook.php(348): WP_Hook->apply_filters()
#8 /home/testsftp/hype/wp-includes/plugin.php(517): WP_Hook->do_action()
#9 /home/testsftp/hype/wp-cont in /home/testsftp/hype/wp-content/themes/hyperlabs/functions.php on line 495

2023-12-14T08:58:41+00:00 CRITICAL Uncaught Error: Call to a member function is_main_query() on null in /home/testsftp/hype/wp-content/themes/hyperlabs/inc/custom_woo.php:7
Stack trace:
#0 /home/testsftp/hype/wp-includes/class-wp-hook.php(324): hook_css()
#1 /home/testsftp/hype/wp-includes/class-wp-hook.php(348): WP_Hook->apply_filters()
#2 /home/testsftp/hype/wp-includes/plugin.php(517): WP_Hook->do_action()
#3 /home/testsftp/hype/wp-includes/general-template.php(3052): do_action()
#4 /home/testsftp/hype/wp-content/themes/hyperlabs/header.php(22): wp_head()
#5 /home/testsftp/hype/wp-includes/template.php(790): require_once('/home/testsftp/...')
#6 /home/testsftp/hype/wp-includes/template.php(725): load_template()
#7 /home/testsftp/hype/wp-includes/general-template.php(48): locate_template()
#8 /home/testsftp/hype/wp-content/themes/hyperlabs/woocommerce/single-product.php(22): get_header()
#9 /home/testsftp/hype/wp-includes/template-loader.php(106): include('/home/testsftp/...')
#10 /home/testsftp/hype/wp-blog-header.php(19): require_once('/ho in /home/testsftp/hype/wp-content/themes/hyperlabs/inc/custom_woo.php on line 7

2023-12-14T08:59:08+00:00 CRITICAL Uncaught Error: Class 'Footer_Walker_Nav_Menu' not found in /home/testsftp/hype/wp-content/themes/hyperlabs/template-parts/site-footer.php:50
Stack trace:
#0 /home/testsftp/hype/wp-includes/template.php(792): require()
#1 /home/testsftp/hype/wp-includes/template.php(725): load_template()
#2 /home/testsftp/hype/wp-includes/general-template.php(206): locate_template()
#3 /home/testsftp/hype/wp-content/themes/hyperlabs/footer.php(30): get_template_part()
#4 /home/testsftp/hype/wp-includes/template.php(790): require_once('/home/testsftp/...')
#5 /home/testsftp/hype/wp-includes/template.php(725): load_template()
#6 /home/testsftp/hype/wp-includes/general-template.php(92): locate_template()
#7 /home/testsftp/hype/wp-content/themes/hyperlabs/404.php(87): get_footer()
#8 /home/testsftp/hype/wp-includes/template-loader.php(106): include('/home/testsftp/...')
#9 /home/testsftp/hype/wp-blog-header.php(19): require_once('/home/testsftp/...')
#10 /home/testsftp/hype/index.php(17): require('/home/testsftp/...')
#11 {main}
 in /home/testsftp/hype/wp-content/themes/hyperlabs/template-parts/site-footer.php on line 50

2023-12-14T09:05:54+00:00 CRITICAL syntax error, unexpected '}', expecting variable (T_VARIABLE) or '{' or '$' in /home/testsftp/hype/wp-content/themes/hyperlabs/functions.php on line 497

2023-12-14T09:05:54+00:00 CRITICAL syntax error, unexpected '}', expecting variable (T_VARIABLE) or '{' or '$' in /home/testsftp/hype/wp-content/themes/hyperlabs/functions.php on line 497

2023-12-14T09:23:01+00:00 CRITICAL syntax error, unexpected 'else' (T_ELSE), expecting ';' or ',' in /home/testsftp/hype/wp-content/themes/hyperlabs/functions.php on line 507

2023-12-14T09:23:02+00:00 CRITICAL syntax error, unexpected 'else' (T_ELSE), expecting ';' or ',' in /home/testsftp/hype/wp-content/themes/hyperlabs/functions.php on line 507

2023-12-14T09:23:04+00:00 CRITICAL syntax error, unexpected 'else' (T_ELSE), expecting ';' or ',' in /home/testsftp/hype/wp-content/themes/hyperlabs/functions.php on line 507

2023-12-14T09:23:04+00:00 CRITICAL syntax error, unexpected 'else' (T_ELSE), expecting ';' or ',' in /home/testsftp/hype/wp-content/themes/hyperlabs/functions.php on line 507

2023-12-14T09:23:05+00:00 CRITICAL syntax error, unexpected 'else' (T_ELSE), expecting ';' or ',' in /home/testsftp/hype/wp-content/themes/hyperlabs/functions.php on line 507

2023-12-14T09:23:25+00:00 CRITICAL syntax error, unexpected 'else' (T_ELSE), expecting ';' or ',' in /home/testsftp/hype/wp-content/themes/hyperlabs/functions.php on line 507

2023-12-14T09:24:13+00:00 CRITICAL syntax error, unexpected 'else' (T_ELSE), expecting ';' or ',' in /home/testsftp/hype/wp-content/themes/hyperlabs/functions.php on line 507

2023-12-14T11:56:14+00:00 CRITICAL syntax error, unexpected 'else' (T_ELSE) in /home/testsftp/hype/wp-content/themes/hyperlabs/functions.php on line 564

2023-12-14T11:56:30+00:00 CRITICAL syntax error, unexpected 'else' (T_ELSE) in /home/testsftp/hype/wp-content/themes/hyperlabs/functions.php on line 564

2023-12-14T11:56:30+00:00 CRITICAL syntax error, unexpected 'else' (T_ELSE) in /home/testsftp/hype/wp-content/themes/hyperlabs/functions.php on line 564

2023-12-14T12:46:52+00:00 CRITICAL syntax error, unexpected '$display_attr' (T_VARIABLE), expecting ')' in /home/testsftp/hype/wp-content/themes/hyperlabs/functions.php on line 580

2023-12-14T12:46:52+00:00 CRITICAL syntax error, unexpected '$display_attr' (T_VARIABLE), expecting ')' in /home/testsftp/hype/wp-content/themes/hyperlabs/functions.php on line 580

2023-12-14T13:20:04+00:00 CRITICAL syntax error, unexpected 'echo' (T_ECHO), expecting ';' or ',' in /home/testsftp/hype/wp-content/themes/hyperlabs/functions.php on line 579

2023-12-14T13:20:05+00:00 CRITICAL syntax error, unexpected 'echo' (T_ECHO), expecting ';' or ',' in /home/testsftp/hype/wp-content/themes/hyperlabs/functions.php on line 579

2023-12-14T13:45:36+00:00 CRITICAL syntax error, unexpected '}' in /home/testsftp/hype/wp-content/themes/hyperlabs/functions.php on line 589

2023-12-14T13:45:37+00:00 CRITICAL syntax error, unexpected '}' in /home/testsftp/hype/wp-content/themes/hyperlabs/functions.php on line 589

