2023-12-11T10:05:19+00:00 CRITICAL Uncaught Error: Call to undefined function e_() in /home/testsftp/hype/wp-content/themes/hyperlabs/woocommerce/content-product_custom.php:58
Stack trace:
#0 /home/testsftp/hype/wp-includes/template.php(792): require()
#1 /home/testsftp/hype/wp-content/plugins/woocommerce/includes/wc-core-functions.php(284): load_template()
#2 /home/testsftp/hype/wp-content/themes/hyperlabs/woocommerce/archive-product.php(71): wc_get_template_part()
#3 /home/testsftp/hype/wp-includes/template-loader.php(106): include('/home/testsftp/...')
#4 /home/testsftp/hype/wp-blog-header.php(19): require_once('/home/testsftp/...')
#5 /home/testsftp/hype/index.php(17): require('/home/testsftp/...')
#6 {main}
  thrown in /home/testsftp/hype/wp-content/themes/hyperlabs/woocommerce/content-product_custom.php on line 58

2023-12-11T13:22:38+00:00 CRITICAL Uncaught Error: Call to undefined function get_popular_searches() in /home/testsftp/hype/wp-content/themes/hyperlabs/functions.php:348
Stack trace:
#0 /home/testsftp/hype/wp-content/themes/hyperlabs/template-parts/site-header.php(95): display_popular_searches()
#1 /home/testsftp/hype/wp-includes/template.php(792): require('/home/testsftp/...')
#2 /home/testsftp/hype/wp-includes/template.php(725): load_template()
#3 /home/testsftp/hype/wp-includes/general-template.php(206): locate_template()
#4 /home/testsftp/hype/wp-content/themes/hyperlabs/header.php(30): get_template_part()
#5 /home/testsftp/hype/wp-includes/template.php(790): require_once('/home/testsftp/...')
#6 /home/testsftp/hype/wp-includes/template.php(725): load_template()
#7 /home/testsftp/hype/wp-includes/general-template.php(48): locate_template()
#8 /home/testsftp/hype/wp-content/themes/hyperlabs/page.php(15): get_header()
#9 /home/testsftp/hype/wp-includes/template-loader.php(106): include('/home/testsftp/...')
#10 /home/testsftp/hype/wp-blog-he in /home/testsftp/hype/wp-content/themes/hyperlabs/functions.php on line 348

2023-12-11T13:22:39+00:00 CRITICAL Uncaught Error: Call to undefined function get_popular_searches() in /home/testsftp/hype/wp-content/themes/hyperlabs/functions.php:348
Stack trace:
#0 /home/testsftp/hype/wp-content/themes/hyperlabs/template-parts/site-header.php(95): display_popular_searches()
#1 /home/testsftp/hype/wp-includes/template.php(792): require('/home/testsftp/...')
#2 /home/testsftp/hype/wp-includes/template.php(725): load_template()
#3 /home/testsftp/hype/wp-includes/general-template.php(206): locate_template()
#4 /home/testsftp/hype/wp-content/themes/hyperlabs/header.php(30): get_template_part()
#5 /home/testsftp/hype/wp-includes/template.php(790): require_once('/home/testsftp/...')
#6 /home/testsftp/hype/wp-includes/template.php(725): load_template()
#7 /home/testsftp/hype/wp-includes/general-template.php(48): locate_template()
#8 /home/testsftp/hype/wp-content/themes/hyperlabs/404.php(10): get_header()
#9 /home/testsftp/hype/wp-includes/template-loader.php(106): include('/home/testsftp/...')
#10 /home/testsftp/hype/wp-blog-hea in /home/testsftp/hype/wp-content/themes/hyperlabs/functions.php on line 348

2023-12-11T13:22:55+00:00 CRITICAL Uncaught Error: Call to undefined function get_popular_searches() in /home/testsftp/hype/wp-content/themes/hyperlabs/functions.php:348
Stack trace:
#0 /home/testsftp/hype/wp-content/themes/hyperlabs/template-parts/site-header.php(95): display_popular_searches()
#1 /home/testsftp/hype/wp-includes/template.php(792): require('/home/testsftp/...')
#2 /home/testsftp/hype/wp-includes/template.php(725): load_template()
#3 /home/testsftp/hype/wp-includes/general-template.php(206): locate_template()
#4 /home/testsftp/hype/wp-content/themes/hyperlabs/header.php(30): get_template_part()
#5 /home/testsftp/hype/wp-includes/template.php(790): require_once('/home/testsftp/...')
#6 /home/testsftp/hype/wp-includes/template.php(725): load_template()
#7 /home/testsftp/hype/wp-includes/general-template.php(48): locate_template()
#8 /home/testsftp/hype/wp-content/themes/hyperlabs/page.php(15): get_header()
#9 /home/testsftp/hype/wp-includes/template-loader.php(106): include('/home/testsftp/...')
#10 /home/testsftp/hype/wp-blog-he in /home/testsftp/hype/wp-content/themes/hyperlabs/functions.php on line 348

2023-12-11T13:23:07+00:00 CRITICAL Uncaught Error: Call to undefined function echodisplay_popular_searches() in /home/testsftp/hype/wp-content/themes/hyperlabs/template-parts/site-header.php:95
Stack trace:
#0 /home/testsftp/hype/wp-includes/template.php(792): require()
#1 /home/testsftp/hype/wp-includes/template.php(725): load_template()
#2 /home/testsftp/hype/wp-includes/general-template.php(206): locate_template()
#3 /home/testsftp/hype/wp-content/themes/hyperlabs/header.php(30): get_template_part()
#4 /home/testsftp/hype/wp-includes/template.php(790): require_once('/home/testsftp/...')
#5 /home/testsftp/hype/wp-includes/template.php(725): load_template()
#6 /home/testsftp/hype/wp-includes/general-template.php(48): locate_template()
#7 /home/testsftp/hype/wp-content/themes/hyperlabs/page.php(15): get_header()
#8 /home/testsftp/hype/wp-includes/template-loader.php(106): include('/home/testsftp/...')
#9 /home/testsftp/hype/wp-blog-header.php(19): require_once('/home/testsftp/...')
#10 /home/testsftp/hype/index.php(17): require('/home/testsftp in /home/testsftp/hype/wp-content/themes/hyperlabs/template-parts/site-header.php on line 95

2023-12-11T14:03:13+00:00 CRITICAL Uncaught Error: Call to undefined function your_custom_function_to_get_popular_searches() in /home/testsftp/hype/wp-content/themes/hyperlabs/functions.php:408
Stack trace:
#0 /home/testsftp/hype/wp-content/themes/hyperlabs/template-parts/site-header.php(95): display_popular_searches()
#1 /home/testsftp/hype/wp-includes/template.php(792): require('/home/testsftp/...')
#2 /home/testsftp/hype/wp-includes/template.php(725): load_template()
#3 /home/testsftp/hype/wp-includes/general-template.php(206): locate_template()
#4 /home/testsftp/hype/wp-content/themes/hyperlabs/header.php(30): get_template_part()
#5 /home/testsftp/hype/wp-includes/template.php(790): require_once('/home/testsftp/...')
#6 /home/testsftp/hype/wp-includes/template.php(725): load_template()
#7 /home/testsftp/hype/wp-includes/general-template.php(48): locate_template()
#8 /home/testsftp/hype/wp-content/themes/hyperlabs/search.php(10): get_header()
#9 /home/testsftp/hype/wp-includes/template-loader.php(106): include('/home/testsftp/...')
#10 /hom in /home/testsftp/hype/wp-content/themes/hyperlabs/functions.php on line 408

2023-12-11T14:03:16+00:00 CRITICAL Uncaught Error: Call to undefined function your_custom_function_to_get_popular_searches() in /home/testsftp/hype/wp-content/themes/hyperlabs/functions.php:408
Stack trace:
#0 /home/testsftp/hype/wp-content/themes/hyperlabs/template-parts/site-header.php(95): display_popular_searches()
#1 /home/testsftp/hype/wp-includes/template.php(792): require('/home/testsftp/...')
#2 /home/testsftp/hype/wp-includes/template.php(725): load_template()
#3 /home/testsftp/hype/wp-includes/general-template.php(206): locate_template()
#4 /home/testsftp/hype/wp-content/themes/hyperlabs/header.php(30): get_template_part()
#5 /home/testsftp/hype/wp-includes/template.php(790): require_once('/home/testsftp/...')
#6 /home/testsftp/hype/wp-includes/template.php(725): load_template()
#7 /home/testsftp/hype/wp-includes/general-template.php(48): locate_template()
#8 /home/testsftp/hype/wp-content/themes/hyperlabs/page.php(15): get_header()
#9 /home/testsftp/hype/wp-includes/template-loader.php(106): include('/home/testsftp/...')
#10 /home/ in /home/testsftp/hype/wp-content/themes/hyperlabs/functions.php on line 408

2023-12-11T14:03:20+00:00 CRITICAL Uncaught Error: Call to undefined function your_custom_function_to_get_popular_searches() in /home/testsftp/hype/wp-content/themes/hyperlabs/functions.php:408
Stack trace:
#0 /home/testsftp/hype/wp-content/themes/hyperlabs/template-parts/site-header.php(95): display_popular_searches()
#1 /home/testsftp/hype/wp-includes/template.php(792): require('/home/testsftp/...')
#2 /home/testsftp/hype/wp-includes/template.php(725): load_template()
#3 /home/testsftp/hype/wp-includes/general-template.php(206): locate_template()
#4 /home/testsftp/hype/wp-content/themes/hyperlabs/header.php(30): get_template_part()
#5 /home/testsftp/hype/wp-includes/template.php(790): require_once('/home/testsftp/...')
#6 /home/testsftp/hype/wp-includes/template.php(725): load_template()
#7 /home/testsftp/hype/wp-includes/general-template.php(48): locate_template()
#8 /home/testsftp/hype/wp-content/themes/hyperlabs/404.php(10): get_header()
#9 /home/testsftp/hype/wp-includes/template-loader.php(106): include('/home/testsftp/...')
#10 /home/t in /home/testsftp/hype/wp-content/themes/hyperlabs/functions.php on line 408

2023-12-11T14:08:04+00:00 CRITICAL Uncaught Error: Class 'SearchWP_Live_Ajax_Search' not found in /home/testsftp/hype/wp-content/themes/hyperlabs/template-parts/site-header.php:97
Stack trace:
#0 /home/testsftp/hype/wp-includes/template.php(792): require()
#1 /home/testsftp/hype/wp-includes/template.php(725): load_template()
#2 /home/testsftp/hype/wp-includes/general-template.php(206): locate_template()
#3 /home/testsftp/hype/wp-content/themes/hyperlabs/header.php(30): get_template_part()
#4 /home/testsftp/hype/wp-includes/template.php(790): require_once('/home/testsftp/...')
#5 /home/testsftp/hype/wp-includes/template.php(725): load_template()
#6 /home/testsftp/hype/wp-includes/general-template.php(48): locate_template()
#7 /home/testsftp/hype/wp-content/themes/hyperlabs/page.php(15): get_header()
#8 /home/testsftp/hype/wp-includes/template-loader.php(106): include('/home/testsftp/...')
#9 /home/testsftp/hype/wp-blog-header.php(19): require_once('/home/testsftp/...')
#10 /home/testsftp/hype/index.php(17): require('/home/testsftp/...')
#11 {ma in /home/testsftp/hype/wp-content/themes/hyperlabs/template-parts/site-header.php on line 97

